<?xml version="1.0" encoding="UTF-8"?>
<!-- Generated by org.testng.reporters.JUnitReportReporter -->
<testsuite skipped="0" hostname="DELL-XPS" name="testcases.BankMangerLoginTest" tests="1" failures="0" timestamp="2020-08-10T11:41:08 IST" time="1.565" errors="0">
  <testcase name="loginAsBankManager" time="1.565" classname="testcases.BankMangerLoginTest"/>
  <system-out/>
</testsuite> <!-- testcases.BankMangerLoginTest -->
