<?xml version="1.0" encoding="UTF-8"?>
<!-- Generated by org.testng.reporters.JUnitReportReporter -->
<testsuite skipped="0" hostname="DELL-XPS" name="testcases.OpenAccountTest" tests="1" failures="0" timestamp="2020-08-10T11:41:08 IST" time="1.607" errors="0">
  <testcase name="openAccount" time="1.607" classname="testcases.OpenAccountTest"/>
  <system-out/>
</testsuite> <!-- testcases.OpenAccountTest -->
