<?xml version="1.0" encoding="UTF-8"?>
<!-- Generated by org.testng.reporters.JUnitReportReporter -->
<testsuite skipped="0" hostname="DELL-XPS" name="testcases.AddCustomerTest" tests="1" failures="0" timestamp="2020-08-10T11:41:08 IST" time="2.401" errors="0">
  <testcase name="addCustomer" time="2.401" classname="testcases.AddCustomerTest"/>
  <system-out/>
</testsuite> <!-- testcases.AddCustomerTest -->
