<?xml version="1.0" encoding="UTF-8"?>
<!-- Generated by org.testng.reporters.JUnitReportReporter -->
<testsuite skipped="0" hostname="DELL-XPS" name="testcases.OpenAccountTest" tests="1" failures="0" timestamp="13 Aug 2020 05:49:27 GMT" time="2.180" errors="0">
  <testcase name="openAccount" time="2.180" classname="testcases.OpenAccountTest"/>
</testsuite> <!-- testcases.OpenAccountTest -->
