<?xml version="1.0" encoding="UTF-8"?>
<!-- Generated by org.testng.reporters.JUnitReportReporter -->
<testsuite skipped="0" hostname="DELL-XPS" name="testcases.AddCustomerTest" tests="1" failures="0" timestamp="13 Aug 2020 05:49:27 GMT" time="2.204" errors="0">
  <testcase name="addCustomer" time="2.204" classname="testcases.AddCustomerTest"/>
</testsuite> <!-- testcases.AddCustomerTest -->
