<?xml version="1.0" encoding="UTF-8"?>
<!-- Generated by org.testng.reporters.JUnitReportReporter -->
<testsuite skipped="0" hostname="DELL-XPS" name="testcases.BankMangerLoginTest" tests="1" failures="0" timestamp="13 Aug 2020 05:49:27 GMT" time="0.388" errors="0">
  <testcase name="loginAsBankManager" time="0.388" classname="testcases.BankMangerLoginTest"/>
</testsuite> <!-- testcases.BankMangerLoginTest -->
